mode: set
ismaeldf/golang-gobarber/modules/appointments/infra/gorm/entities/Appointment.go:11.13,13.2 1 1
ismaeldf/golang-gobarber/modules/appointments/infra/gorm/entities/Appointment.go:24.39,27.16 2 1
ismaeldf/golang-gobarber/modules/appointments/infra/gorm/entities/Appointment.go:31.2,31.12 1 1
ismaeldf/golang-gobarber/modules/appointments/infra/gorm/entities/Appointment.go:27.16,30.3 2 1
ismaeldf/golang-gobarber/modules/appointments/infra/gorm/entities/Appointment.go:34.78,44.16 5 1
ismaeldf/golang-gobarber/modules/appointments/infra/gorm/entities/Appointment.go:48.2,48.26 1 1
ismaeldf/golang-gobarber/modules/appointments/infra/gorm/entities/Appointment.go:44.16,46.3 1 1
ismaeldf/golang-gobarber/modules/appointments/services/CreateAppointmentService.go:14.109,16.2 1 1
ismaeldf/golang-gobarber/modules/appointments/services/CreateAppointmentService.go:18.109,22.19 3 1
ismaeldf/golang-gobarber/modules/appointments/services/CreateAppointmentService.go:26.2,28.32 2 1
ismaeldf/golang-gobarber/modules/appointments/services/CreateAppointmentService.go:22.19,24.3 1 1
ismaeldf/golang-gobarber/modules/appointments/services/CreateAppointmentService.go:31.44,44.2 2 1
ismaeldf/golang-gobarber/modules/users/infra/gorm/entities/User.go:11.13,13.2 1 1
ismaeldf/golang-gobarber/modules/users/infra/gorm/entities/User.go:25.32,28.16 2 1
ismaeldf/golang-gobarber/modules/users/infra/gorm/entities/User.go:32.2,32.12 1 1
ismaeldf/golang-gobarber/modules/users/infra/gorm/entities/User.go:28.16,31.3 2 1
ismaeldf/golang-gobarber/modules/users/infra/gorm/entities/User.go:41.73,53.16 4 1
ismaeldf/golang-gobarber/modules/users/infra/gorm/entities/User.go:57.2,57.19 1 1
ismaeldf/golang-gobarber/modules/users/infra/gorm/entities/User.go:53.16,55.3 1 1
ismaeldf/golang-gobarber/modules/users/services/AuthenticateUserService.go:32.99,34.2 1 1
ismaeldf/golang-gobarber/modules/users/services/AuthenticateUserService.go:36.109,38.19 2 1
ismaeldf/golang-gobarber/modules/users/services/AuthenticateUserService.go:42.2,43.22 2 1
ismaeldf/golang-gobarber/modules/users/services/AuthenticateUserService.go:47.2,54.23 3 1
ismaeldf/golang-gobarber/modules/users/services/AuthenticateUserService.go:38.19,40.3 1 0
ismaeldf/golang-gobarber/modules/users/services/AuthenticateUserService.go:43.22,45.3 1 0
ismaeldf/golang-gobarber/modules/users/services/AuthenticateUserService.go:57.39,70.15 5 1
ismaeldf/golang-gobarber/modules/users/services/AuthenticateUserService.go:74.2,74.20 1 1
ismaeldf/golang-gobarber/modules/users/services/AuthenticateUserService.go:70.15,72.3 1 0
ismaeldf/golang-gobarber/modules/users/services/AuthenticateUserService.go:77.54,80.114 2 0
ismaeldf/golang-gobarber/modules/users/services/AuthenticateUserService.go:84.2,84.69 1 0
ismaeldf/golang-gobarber/modules/users/services/AuthenticateUserService.go:80.114,82.3 1 0
ismaeldf/golang-gobarber/modules/users/services/AuthenticateUserService.go:84.69,86.3 1 0
ismaeldf/golang-gobarber/modules/users/services/AuthenticateUserService.go:86.8,88.3 1 0
ismaeldf/golang-gobarber/modules/users/services/AuthenticateUserService.go:91.66,94.2 2 1
ismaeldf/golang-gobarber/modules/users/services/CreateUserService.go:13.87,15.2 1 1
ismaeldf/golang-gobarber/modules/users/services/CreateUserService.go:17.87,19.19 2 1
ismaeldf/golang-gobarber/modules/users/services/CreateUserService.go:23.2,24.16 2 1
ismaeldf/golang-gobarber/modules/users/services/CreateUserService.go:28.2,28.25 1 1
ismaeldf/golang-gobarber/modules/users/services/CreateUserService.go:19.19,21.3 1 1
ismaeldf/golang-gobarber/modules/users/services/CreateUserService.go:24.16,26.3 1 1
ismaeldf/golang-gobarber/modules/users/services/UpdateUserAvatarService.go:17.99,19.2 1 0
ismaeldf/golang-gobarber/modules/users/services/UpdateUserAvatarService.go:21.99,23.19 2 0
ismaeldf/golang-gobarber/modules/users/services/UpdateUserAvatarService.go:27.2,33.26 4 0
ismaeldf/golang-gobarber/modules/users/services/UpdateUserAvatarService.go:23.19,25.3 1 0
ismaeldf/golang-gobarber/modules/users/services/UpdateUserAvatarService.go:36.48,38.2 1 0
ismaeldf/golang-gobarber/modules/users/services/UpdateUserAvatarService.go:40.48,42.2 1 0
